<?xml version="1.0" encoding="UTF-8"?>
<!-- Generated by org.testng.reporters.JUnitReportReporter -->
<testsuite skipped="0" hostname="DESKTOP-CKK8A56" name="comdemo.DemoFile" tests="1" failures="0" timestamp="30 Jan 2022 06:52:25 GMT" time="0.054" errors="0">
  <testcase name="demotestmavengit" time="0.054" classname="comdemo.DemoFile"/>
</testsuite> <!-- comdemo.DemoFile -->
